# JRE version: OpenJDK Runtime Environment JBR-17.0.12+7-1000.54-jcef (17.0.12+7) (build 17.0.12+7-b1000.54)
# Java VM: OpenJDK 64-Bit Server VM JBR-17.0.12+7-1000.54-jcef (17.0.12+7-b1000.54, mixed mode, tiered, compressed oops, compressed class ptrs, g1 gc, windows-amd64)
GC Precious Log:
 CPUs: 16 total, 16 available
 Memory: 32189M
 Large Page Support: Disabled
 NUMA Support: Disabled
 Compressed Oops: Enabled (32-bit)
 Heap Region Size: 1M
 Heap Min Capacity: 256M
 Heap Initial Capacity: 256M
 Heap Max Capacity: 512M
 Pre-touch: Disabled
 Parallel Workers: 13
 Concurrent Workers: 3
 Concurrent Refinement Workers: 13
 Periodic GC: Disabled
Heap:
 garbage-first heap   total 262144K, used 31730K [0x00000000e0000000, 0x0000000100000000)
  region size 1024K, 22 young (22528K), 9 survivors (9216K)
 Metaspace       used 23061K, committed 23360K, reserved 393216K
  class space    used 2804K, committed 2944K, reserved 327680K
GC Heap History (6 events):
Event: 6.524 GC heap before
{Heap before GC invocations=0 (full 0):
 garbage-first heap   total 262144K, used 26624K [0x00000000e0000000, 0x0000000100000000)
  region size 1024K, 23 young (23552K), 0 survivors (0K)
 Metaspace       used 10268K, committed 10432K, reserved 393216K
  class space    used 1032K, committed 1088K, reserved 327680K
}
Event: 6.526 GC heap after
{Heap after GC invocations=1 (full 0):
 garbage-first heap   total 262144K, used 10695K [0x00000000e0000000, 0x0000000100000000)
  region size 1024K, 3 young (3072K), 3 survivors (3072K)
 Metaspace       used 10268K, committed 10432K, reserved 393216K
  class space    used 1032K, committed 1088K, reserved 327680K
}
Event: 6.806 GC heap before
{Heap before GC invocations=1 (full 0):
 garbage-first heap   total 262144K, used 38343K [0x00000000e0000000, 0x0000000100000000)
  region size 1024K, 30 young (30720K), 3 survivors (3072K)
 Metaspace       used 11538K, committed 11712K, reserved 393216K
  class space    used 1199K, committed 1280K, reserved 327680K
}
Event: 6.809 GC heap after
{Heap after GC invocations=2 (full 0):
 garbage-first heap   total 262144K, used 11673K [0x00000000e0000000, 0x0000000100000000)
  region size 1024K, 1 young (1024K), 1 survivors (1024K)
 Metaspace       used 11538K, committed 11712K, reserved 393216K
  class space    used 1199K, committed 1280K, reserved 327680K
}
Event: 7.686 GC heap before
{Heap before GC invocations=2 (full 0):
 garbage-first heap   total 262144K, used 65945K [0x00000000e0000000, 0x0000000100000000)
  region size 1024K, 54 young (55296K), 1 survivors (1024K)
 Metaspace       used 21288K, committed 21504K, reserved 393216K
  class space    used 2492K, committed 2624K, reserved 327680K
}
Event: 7.690 GC heap after
{Heap after GC invocations=3 (full 0):
 garbage-first heap   total 262144K, used 19442K [0x00000000e0000000, 0x0000000100000000)
  region size 1024K, 9 young (9216K), 9 survivors (9216K)
 Metaspace       used 21288K, committed 21504K, reserved 393216K
  class space    used 2492K, committed 2624K, reserved 327680K
}

