# JRE version: OpenJDK Runtime Environment JBR-17.0.12+7-1000.54-jcef (17.0.12+7) (build 17.0.12+7-b1000.54)
# Java VM: OpenJDK 64-Bit Server VM JBR-17.0.12+7-1000.54-jcef (17.0.12+7-b1000.54, mixed mode, tiered, compressed oops, compressed class ptrs, g1 gc, windows-amd64)
GC Precious Log:
 CPUs: 16 total, 16 available
 Memory: 32189M
 Large Page Support: Disabled
 NUMA Support: Disabled
 Compressed Oops: Enabled (32-bit)
 Heap Region Size: 1M
 Heap Min Capacity: 256M
 Heap Initial Capacity: 256M
 Heap Max Capacity: 512M
 Pre-touch: Disabled
 Parallel Workers: 13
 Concurrent Workers: 3
 Concurrent Refinement Workers: 13
 Periodic GC: Disabled
Heap:
 garbage-first heap   total 262144K, used 121251K [0x00000000e0000000, 0x0000000100000000)
  region size 1024K, 101 young (103424K), 15 survivors (15360K)
 Metaspace       used 59289K, committed 59840K, reserved 393216K
  class space    used 8190K, committed 8448K, reserved 327680K
GC Heap History (10 events):
Event: 0.421 GC heap before
{Heap before GC invocations=0 (full 0):
 garbage-first heap   total 262144K, used 26624K [0x00000000e0000000, 0x0000000100000000)
  region size 1024K, 23 young (23552K), 0 survivors (0K)
 Metaspace       used 10068K, committed 10240K, reserved 393216K
  class space    used 1001K, committed 1088K, reserved 327680K
}
Event: 0.423 GC heap after
{Heap after GC invocations=1 (full 0):
 garbage-first heap   total 262144K, used 10383K [0x00000000e0000000, 0x0000000100000000)
  region size 1024K, 3 young (3072K), 3 survivors (3072K)
 Metaspace       used 10068K, committed 10240K, reserved 393216K
  class space    used 1001K, committed 1088K, reserved 327680K
}
Event: 0.695 GC heap before
{Heap before GC invocations=1 (full 0):
 garbage-first heap   total 262144K, used 38031K [0x00000000e0000000, 0x0000000100000000)
  region size 1024K, 30 young (30720K), 3 survivors (3072K)
 Metaspace       used 11526K, committed 11712K, reserved 393216K
  class space    used 1199K, committed 1280K, reserved 327680K
}
Event: 0.698 GC heap after
{Heap after GC invocations=2 (full 0):
 garbage-first heap   total 262144K, used 11494K [0x00000000e0000000, 0x0000000100000000)
  region size 1024K, 1 young (1024K), 1 survivors (1024K)
 Metaspace       used 11526K, committed 11712K, reserved 393216K
  class space    used 1199K, committed 1280K, reserved 327680K
}
Event: 1.543 GC heap before
{Heap before GC invocations=2 (full 0):
 garbage-first heap   total 262144K, used 64742K [0x00000000e0000000, 0x0000000100000000)
  region size 1024K, 54 young (55296K), 1 survivors (1024K)
 Metaspace       used 21285K, committed 21504K, reserved 393216K
  class space    used 2492K, committed 2624K, reserved 327680K
}
Event: 1.547 GC heap after
{Heap after GC invocations=3 (full 0):
 garbage-first heap   total 262144K, used 19293K [0x00000000e0000000, 0x0000000100000000)
  region size 1024K, 9 young (9216K), 9 survivors (9216K)
 Metaspace       used 21285K, committed 21504K, reserved 393216K
  class space    used 2492K, committed 2624K, reserved 327680K
}
Event: 2.556 GC heap before
{Heap before GC invocations=4 (full 0):
 garbage-first heap   total 262144K, used 122717K [0x00000000e0000000, 0x0000000100000000)
  region size 1024K, 111 young (113664K), 9 survivors (9216K)
 Metaspace       used 35606K, committed 35968K, reserved 393216K
  class space    used 4849K, committed 5056K, reserved 327680K
}
Event: 2.561 GC heap after
{Heap after GC invocations=5 (full 0):
 garbage-first heap   total 262144K, used 24101K [0x00000000e0000000, 0x0000000100000000)
  region size 1024K, 14 young (14336K), 14 survivors (14336K)
 Metaspace       used 35606K, committed 35968K, reserved 393216K
  class space    used 4849K, committed 5056K, reserved 327680K
}
Event: 3.984 GC heap before
{Heap before GC invocations=6 (full 0):
 garbage-first heap   total 262144K, used 172581K [0x00000000e0000000, 0x0000000100000000)
  region size 1024K, 153 young (156672K), 14 survivors (14336K)
 Metaspace       used 53693K, committed 54080K, reserved 393216K
  class space    used 7229K, committed 7424K, reserved 327680K
}
Event: 3.991 GC heap after
{Heap after GC invocations=7 (full 0):
 garbage-first heap   total 262144K, used 34211K [0x00000000e0000000, 0x0000000100000000)
  region size 1024K, 15 young (15360K), 15 survivors (15360K)
 Metaspace       used 53693K, committed 54080K, reserved 393216K
  class space    used 7229K, committed 7424K, reserved 327680K
}

